build/outputs/logs/manifest-merger-debug-report.txt
-- Merging decision tree log ---
manifest
ADDED from src/main/AndroidManifest.xml:17:1-58:12
INJECTED from src/main/AndroidManifest.xml:17:1-58:12
MERGED from [com.google.android.things.contrib:driver-button:1.0] AndroidManifest.xml:17:1-30:12
MERGED from [org.tensorflow:tensorflow-lite:0.1.7] AndroidManifest.xml:2:1-6:12
INJECTED from src/main/AndroidManifest.xml:17:1-58:12
	package
		ADDED from src/main/AndroidManifest.xml:19:5-56
		INJECTED from src/main/AndroidManifest.xml
		INJECTED from src/main/AndroidManifest.xml
	xmlns:tools
		ADDED from src/main/AndroidManifest.xml:18:5-51
	xmlns:android
		ADDED from src/main/AndroidManifest.xml:17:11-69
uses-permission#android.permission.CAMERA
ADDED from src/main/AndroidManifest.xml:20:5-65
	android:name
		ADDED from src/main/AndroidManifest.xml:20:22-62
uses-permission#android.permission.WRITE_EXTERNAL_STORAGE
ADDED from src/main/AndroidManifest.xml:21:5-80
	android:name
		ADDED from src/main/AndroidManifest.xml:21:22-78
uses-feature#android.hardware.camera
ADDED from src/main/AndroidManifest.xml:22:5-60
	android:name
		ADDED from src/main/AndroidManifest.xml:22:19-57
uses-feature#android.hardware.camera.autofocus
ADDED from src/main/AndroidManifest.xml:23:5-70
	android:name
		ADDED from src/main/AndroidManifest.xml:23:19-67
uses-permission#com.google.android.things.permission.MANAGE_INPUT_DRIVERS
ADDED from src/main/AndroidManifest.xml:24:5-97
	android:name
		ADDED from src/main/AndroidManifest.xml:24:22-94
uses-permission#com.google.android.things.permission.USE_PERIPHERAL_IO
ADDED from src/main/AndroidManifest.xml:25:5-94
	android:name
		ADDED from src/main/AndroidManifest.xml:25:22-91
application
ADDED from src/main/AndroidManifest.xml:26:5-57:19
MERGED from [com.google.android.things.contrib:driver-button:1.0] AndroidManifest.xml:24:5-28:19
MERGED from [com.google.android.things.contrib:driver-button:1.0] AndroidManifest.xml:24:5-28:19
MERGED from [org.tensorflow:tensorflow-lite:0.1.7] AndroidManifest.xml:4:5-5:19
MERGED from [org.tensorflow:tensorflow-lite:0.1.7] AndroidManifest.xml:4:5-5:19
	android:extractNativeLibs
		ADDED from src/main/AndroidManifest.xml:29:9-42
	android:label
		ADDED from src/main/AndroidManifest.xml:27:9-41
	android:theme
		ADDED from src/main/AndroidManifest.xml:28:9-67
activity#com.example.androidthings.imageclassifier.ImageClassifierActivity
ADDED from src/main/AndroidManifest.xml:30:9-49:20
	android:screenOrientation
		ADDED from src/main/AndroidManifest.xml:31:19-56
	android:label
		ADDED from src/main/AndroidManifest.xml:32:19-51
	android:name
		ADDED from src/main/AndroidManifest.xml:30:19-58
intent-filter#android.intent.action.MAIN+android.intent.category.LAUNCHER
ADDED from src/main/AndroidManifest.xml:33:13-36:29
action#android.intent.action.MAIN
ADDED from src/main/AndroidManifest.xml:34:17-69
	android:name
		ADDED from src/main/AndroidManifest.xml:34:25-66
category#android.intent.category.LAUNCHER
ADDED from src/main/AndroidManifest.xml:35:17-77
	android:name
		ADDED from src/main/AndroidManifest.xml:35:27-74
uses-library#com.google.android.things
ADDED from src/main/AndroidManifest.xml:54:9-56:48
MERGED from [com.google.android.things.contrib:driver-button:1.0] AndroidManifest.xml:25:9-27:40
MERGED from [com.google.android.things.contrib:driver-button:1.0] AndroidManifest.xml:25:9-27:40
	android:required
		ADDED from src/main/AndroidManifest.xml:55:13-37
		REJECTED from [com.google.android.things.contrib:driver-button:1.0] AndroidManifest.xml:27:13-37
	tools:replace
		ADDED from src/main/AndroidManifest.xml:56:13-45
	android:name
		ADDED from src/main/AndroidManifest.xml:54:23-63
uses-sdk
INJECTED from src/main/AndroidManifest.xml reason: use-sdk injection requested
INJECTED from src/main/AndroidManifest.xml
INJECTED from src/main/AndroidManifest.xml
MERGED from [com.google.android.things.contrib:driver-button:1.0] AndroidManifest.xml:20:5-22:41
MERGED from [com.google.android.things.contrib:driver-button:1.0] AndroidManifest.xml:20:5-22:41
INJECTED from src/main/AndroidManifest.xml
INJECTED from src/main/AndroidManifest.xml
	android:targetSdkVersion
		INJECTED from src/main/AndroidManifest.xml
		ADDED from src/main/AndroidManifest.xml
		INJECTED from src/main/AndroidManifest.xml
	android:minSdkVersion
		INJECTED from src/main/AndroidManifest.xml
		ADDED from src/main/AndroidManifest.xml
		INJECTED from src/main/AndroidManifest.xml
uses-permission#android.permission.READ_PHONE_STATE
IMPLIED from src/main/AndroidManifest.xml:17:1-58:12 reason: org.tensorflow.lite has a targetSdkVersion < 4
uses-permission#android.permission.READ_EXTERNAL_STORAGE
IMPLIED from src/main/AndroidManifest.xml:17:1-58:12 reason: org.tensorflow.lite requested WRITE_EXTERNAL_STORAGE